<?xml version="1.0" encoding="UTF-8"?>
<testng-results skipped="0" failed="0" ignored="0" total="1" passed="1">
  <reporter-output>
  </reporter-output>
  <suite name="Default suite" duration-ms="2198" started-at="2020-09-18T13:19:36 IST" finished-at="2020-09-18T13:19:38 IST">
    <groups>
    </groups>
    <test name="Default test" duration-ms="2198" started-at="2020-09-18T13:19:36 IST" finished-at="2020-09-18T13:19:38 IST">
      <class name="com.openMRS.testcases.LoginTestCase">
        <test-method status="PASS" signature="StartUp()[pri:0, instance:com.openMRS.testcases.LoginTestCase@4493d195]" name="StartUp" is-config="true" duration-ms="13281" started-at="2020-09-18T13:19:23 IST" finished-at="2020-09-18T13:19:36 IST">
          <reporter-output>
          </reporter-output>
        </test-method> <!-- StartUp -->
        <test-method status="PASS" signature="LoginTest()[pri:0, instance:com.openMRS.testcases.LoginTestCase@4493d195]" name="LoginTest" duration-ms="2117" started-at="2020-09-18T13:19:36 IST" finished-at="2020-09-18T13:19:38 IST">
          <reporter-output>
          </reporter-output>
        </test-method> <!-- LoginTest -->
        <test-method status="PASS" signature="TearDown()[pri:0, instance:com.openMRS.testcases.LoginTestCase@4493d195]" name="TearDown" is-config="true" duration-ms="716" started-at="2020-09-18T13:19:38 IST" finished-at="2020-09-18T13:19:39 IST">
          <reporter-output>
          </reporter-output>
        </test-method> <!-- TearDown -->
      </class> <!-- com.openMRS.testcases.LoginTestCase -->
    </test> <!-- Default test -->
  </suite> <!-- Default suite -->
</testng-results>
